# JRE version: OpenJDK Runtime Environment (11.0.10) (build 11.0.10+0-b96-7249189)
# Java VM: OpenJDK 64-Bit Server VM (11.0.10+0-b96-7249189, mixed mode, tiered, compressed oops, g1 gc, windows-amd64)
Heap:
 garbage-first heap   total 483328K, used 159106K [0x0000000080000000, 0x0000000100000000)
  region size 1024K, 15 young (15360K), 7 survivors (7168K)
 Metaspace       used 122336K, capacity 125549K, committed 125772K, reserved 1159168K
  class space    used 15451K, capacity 16675K, committed 16716K, reserved 1048576K
GC Heap History (20 events):
Event: 42.967 GC heap before
{Heap before GC invocations=63 (full 0):
 garbage-first heap   total 478208K, used 413190K [0x0000000080000000, 0x0000000100000000)
  region size 1024K, 240 young (245760K), 15 survivors (15360K)
 Metaspace       used 105811K, capacity 108580K, committed 109388K, reserved 1142784K
  class space    used 13652K, capacity 14722K, committed 15180K, reserved 1048576K
}
Event: 43.032 GC heap after
{Heap after GC invocations=64 (full 0):
 garbage-first heap   total 483328K, used 228475K [0x0000000080000000, 0x0000000100000000)
  region size 1024K, 30 young (30720K), 30 survivors (30720K)
 Metaspace       used 105811K, capacity 108580K, committed 109388K, reserved 1142784K
  class space    used 13652K, capacity 14722K, committed 15180K, reserved 1048576K
}
Event: 43.200 GC heap before
{Heap before GC invocations=64 (full 0):
 garbage-first heap   total 483328K, used 243835K [0x0000000080000000, 0x0000000100000000)
  region size 1024K, 41 young (41984K), 30 survivors (30720K)
 Metaspace       used 105933K, capacity 108709K, committed 109388K, reserved 1142784K
  class space    used 13654K, capacity 14722K, committed 15180K, reserved 1048576K
}
Event: 43.249 GC heap after
{Heap after GC invocations=65 (full 0):
 garbage-first heap   total 483328K, used 238914K [0x0000000080000000, 0x0000000100000000)
  region size 1024K, 4 young (4096K), 4 survivors (4096K)
 Metaspace       used 105933K, capacity 108709K, committed 109388K, reserved 1142784K
  class space    used 13654K, capacity 14722K, committed 15180K, reserved 1048576K
}
Event: 43.492 GC heap before
{Heap before GC invocations=65 (full 0):
 garbage-first heap   total 483328K, used 253250K [0x0000000080000000, 0x0000000100000000)
  region size 1024K, 20 young (20480K), 4 survivors (4096K)
 Metaspace       used 106065K, capacity 108901K, committed 109644K, reserved 1144832K
  class space    used 13654K, capacity 14722K, committed 15180K, reserved 1048576K
}
Event: 43.502 GC heap after
{Heap after GC invocations=66 (full 0):
 garbage-first heap   total 483328K, used 237731K [0x0000000080000000, 0x0000000100000000)
  region size 1024K, 3 young (3072K), 3 survivors (3072K)
 Metaspace       used 106065K, capacity 108901K, committed 109644K, reserved 1144832K
  class space    used 13654K, capacity 14722K, committed 15180K, reserved 1048576K
}
Event: 44.983 GC heap before
{Heap before GC invocations=67 (full 0):
 garbage-first heap   total 483328K, used 317603K [0x0000000080000000, 0x0000000100000000)
  region size 1024K, 103 young (105472K), 3 survivors (3072K)
 Metaspace       used 108750K, capacity 111572K, committed 112332K, reserved 1146880K
  class space    used 13836K, capacity 14906K, committed 15308K, reserved 1048576K
}
Event: 44.999 GC heap after
{Heap after GC invocations=68 (full 0):
 garbage-first heap   total 483328K, used 223318K [0x0000000080000000, 0x0000000100000000)
  region size 1024K, 11 young (11264K), 11 survivors (11264K)
 Metaspace       used 108750K, capacity 111572K, committed 112332K, reserved 1146880K
  class space    used 13836K, capacity 14906K, committed 15308K, reserved 1048576K
}
Event: 45.031 GC heap before
{Heap before GC invocations=68 (full 0):
 garbage-first heap   total 483328K, used 236630K [0x0000000080000000, 0x0000000100000000)
  region size 1024K, 23 young (23552K), 11 survivors (11264K)
 Metaspace       used 108750K, capacity 111572K, committed 112332K, reserved 1146880K
  class space    used 13836K, capacity 14906K, committed 15308K, reserved 1048576K
}
Event: 45.042 GC heap after
{Heap after GC invocations=69 (full 0):
 garbage-first heap   total 483328K, used 198337K [0x0000000080000000, 0x0000000100000000)
  region size 1024K, 3 young (3072K), 3 survivors (3072K)
 Metaspace       used 108750K, capacity 111572K, committed 112332K, reserved 1146880K
  class space    used 13836K, capacity 14906K, committed 15308K, reserved 1048576K
}
Event: 47.968 GC heap before
{Heap before GC invocations=69 (full 0):
 garbage-first heap   total 483328K, used 337601K [0x0000000080000000, 0x0000000100000000)
  region size 1024K, 131 young (134144K), 3 survivors (3072K)
 Metaspace       used 109478K, capacity 112344K, committed 112844K, reserved 1146880K
  class space    used 13871K, capacity 14925K, committed 15308K, reserved 1048576K
}
Event: 47.976 GC heap after
{Heap after GC invocations=70 (full 0):
 garbage-first heap   total 483328K, used 202437K [0x0000000080000000, 0x0000000100000000)
  region size 1024K, 7 young (7168K), 7 survivors (7168K)
 Metaspace       used 109478K, capacity 112344K, committed 112844K, reserved 1146880K
  class space    used 13871K, capacity 14925K, committed 15308K, reserved 1048576K
}
Event: 51.062 GC heap before
{Heap before GC invocations=70 (full 0):
 garbage-first heap   total 483328K, used 341701K [0x0000000080000000, 0x0000000100000000)
  region size 1024K, 142 young (145408K), 7 survivors (7168K)
 Metaspace       used 111528K, capacity 114334K, committed 114892K, reserved 1148928K
  class space    used 14083K, capacity 15156K, committed 15564K, reserved 1048576K
}
Event: 51.072 GC heap after
{Heap after GC invocations=71 (full 0):
 garbage-first heap   total 483328K, used 207667K [0x0000000080000000, 0x0000000100000000)
  region size 1024K, 10 young (10240K), 10 survivors (10240K)
 Metaspace       used 111528K, capacity 114334K, committed 114892K, reserved 1148928K
  class space    used 14083K, capacity 15156K, committed 15564K, reserved 1048576K
}
Event: 52.135 GC heap before
{Heap before GC invocations=71 (full 0):
 garbage-first heap   total 483328K, used 351027K [0x0000000080000000, 0x0000000100000000)
  region size 1024K, 151 young (154624K), 10 survivors (10240K)
 Metaspace       used 114269K, capacity 117171K, committed 117580K, reserved 1150976K
  class space    used 14466K, capacity 15611K, committed 15948K, reserved 1048576K
}
Event: 52.142 GC heap after
{Heap after GC invocations=72 (full 0):
 garbage-first heap   total 483328K, used 206434K [0x0000000080000000, 0x0000000100000000)
  region size 1024K, 11 young (11264K), 11 survivors (11264K)
 Metaspace       used 114269K, capacity 117171K, committed 117580K, reserved 1150976K
  class space    used 14466K, capacity 15611K, committed 15948K, reserved 1048576K
}
Event: 54.004 GC heap before
{Heap before GC invocations=72 (full 0):
 garbage-first heap   total 483328K, used 364130K [0x0000000080000000, 0x0000000100000000)
  region size 1024K, 161 young (164864K), 11 survivors (11264K)
 Metaspace       used 120592K, capacity 123705K, committed 124108K, reserved 1157120K
  class space    used 15211K, capacity 16390K, committed 16588K, reserved 1048576K
}
Event: 54.022 GC heap after
{Heap after GC invocations=73 (full 0):
 garbage-first heap   total 483328K, used 216753K [0x0000000080000000, 0x0000000100000000)
  region size 1024K, 19 young (19456K), 19 survivors (19456K)
 Metaspace       used 120592K, capacity 123705K, committed 124108K, reserved 1157120K
  class space    used 15211K, capacity 16390K, committed 16588K, reserved 1048576K
}
Event: 54.810 GC heap before
{Heap before GC invocations=73 (full 0):
 garbage-first heap   total 483328K, used 284337K [0x0000000080000000, 0x0000000100000000)
  region size 1024K, 67 young (68608K), 19 survivors (19456K)
 Metaspace       used 121886K, capacity 125021K, committed 125260K, reserved 1157120K
  class space    used 15378K, capacity 16586K, committed 16716K, reserved 1048576K
}
Event: 54.822 GC heap after
{Heap after GC invocations=74 (full 0):
 garbage-first heap   total 483328K, used 221570K [0x0000000080000000, 0x0000000100000000)
  region size 1024K, 7 young (7168K), 7 survivors (7168K)
 Metaspace       used 121886K, capacity 125021K, committed 125260K, reserved 1157120K
  class space    used 15378K, capacity 16586K, committed 16716K, reserved 1048576K
}

