# JRE version: OpenJDK Runtime Environment (11.0.10) (build 11.0.10+0-b96-7249189)
# Java VM: OpenJDK 64-Bit Server VM (11.0.10+0-b96-7249189, mixed mode, tiered, compressed oops, g1 gc, windows-amd64)
Heap:
 garbage-first heap   total 567296K, used 198241K [0x0000000080000000, 0x0000000100000000)
  region size 1024K, 15 young (15360K), 15 survivors (15360K)
 Metaspace       used 131228K, capacity 134618K, committed 134820K, reserved 1167360K
  class space    used 16545K, capacity 17839K, committed 17868K, reserved 1048576K
GC Heap History (20 events):
Event: 7193.643 GC heap after
{Heap after GC invocations=46 (full 0):
 garbage-first heap   total 315392K, used 180053K [0x0000000080000000, 0x0000000100000000)
  region size 1024K, 4 young (4096K), 4 survivors (4096K)
 Metaspace       used 128337K, capacity 131504K, committed 132388K, reserved 1163264K
  class space    used 16291K, capacity 17503K, committed 17740K, reserved 1048576K
}
Event: 7193.815 GC heap before
{Heap before GC invocations=46 (full 0):
 garbage-first heap   total 315392K, used 252757K [0x0000000080000000, 0x0000000100000000)
  region size 1024K, 75 young (76800K), 4 survivors (4096K)
 Metaspace       used 128851K, capacity 132115K, committed 132900K, reserved 1165312K
  class space    used 16350K, capacity 17592K, committed 17740K, reserved 1048576K
}
Event: 7193.824 GC heap after
{Heap after GC invocations=47 (full 0):
 garbage-first heap   total 315392K, used 182859K [0x0000000080000000, 0x0000000100000000)
  region size 1024K, 7 young (7168K), 7 survivors (7168K)
 Metaspace       used 128851K, capacity 132115K, committed 132900K, reserved 1165312K
  class space    used 16350K, capacity 17592K, committed 17740K, reserved 1048576K
}
Event: 7194.049 GC heap before
{Heap before GC invocations=47 (full 0):
 garbage-first heap   total 315392K, used 255563K [0x0000000080000000, 0x0000000100000000)
  region size 1024K, 79 young (80896K), 7 survivors (7168K)
 Metaspace       used 129722K, capacity 133056K, committed 133540K, reserved 1165312K
  class space    used 16467K, capacity 17738K, committed 17868K, reserved 1048576K
}
Event: 7194.063 GC heap after
{Heap after GC invocations=48 (full 0):
 garbage-first heap   total 387072K, used 184920K [0x0000000080000000, 0x0000000100000000)
  region size 1024K, 6 young (6144K), 6 survivors (6144K)
 Metaspace       used 129722K, capacity 133056K, committed 133540K, reserved 1165312K
  class space    used 16467K, capacity 17738K, committed 17868K, reserved 1048576K
}
Event: 7194.338 GC heap before
{Heap before GC invocations=48 (full 0):
 garbage-first heap   total 387072K, used 290392K [0x0000000080000000, 0x0000000100000000)
  region size 1024K, 110 young (112640K), 6 survivors (6144K)
 Metaspace       used 130236K, capacity 133590K, committed 134052K, reserved 1165312K
  class space    used 16519K, capacity 17788K, committed 17868K, reserved 1048576K
}
Event: 7194.347 GC heap after
{Heap after GC invocations=49 (full 0):
 garbage-first heap   total 387072K, used 186814K [0x0000000080000000, 0x0000000100000000)
  region size 1024K, 7 young (7168K), 7 survivors (7168K)
 Metaspace       used 130236K, capacity 133590K, committed 134052K, reserved 1165312K
  class space    used 16519K, capacity 17788K, committed 17868K, reserved 1048576K
}
Event: 7194.645 GC heap before
{Heap before GC invocations=49 (full 0):
 garbage-first heap   total 387072K, used 297406K [0x0000000080000000, 0x0000000100000000)
  region size 1024K, 116 young (118784K), 7 survivors (7168K)
 Metaspace       used 130290K, capacity 133651K, committed 134052K, reserved 1165312K
  class space    used 16532K, capacity 17829K, committed 17868K, reserved 1048576K
}
Event: 7194.654 GC heap after
{Heap after GC invocations=50 (full 0):
 garbage-first heap   total 387072K, used 186035K [0x0000000080000000, 0x0000000100000000)
  region size 1024K, 7 young (7168K), 7 survivors (7168K)
 Metaspace       used 130290K, capacity 133651K, committed 134052K, reserved 1165312K
  class space    used 16532K, capacity 17829K, committed 17868K, reserved 1048576K
}
Event: 7194.908 GC heap before
{Heap before GC invocations=50 (full 0):
 garbage-first heap   total 387072K, used 303795K [0x0000000080000000, 0x0000000100000000)
  region size 1024K, 122 young (124928K), 7 survivors (7168K)
 Metaspace       used 130435K, capacity 133796K, committed 134052K, reserved 1165312K
  class space    used 16535K, capacity 17832K, committed 17868K, reserved 1048576K
}
Event: 7194.918 GC heap after
{Heap after GC invocations=51 (full 0):
 garbage-first heap   total 387072K, used 189323K [0x0000000080000000, 0x0000000100000000)
  region size 1024K, 10 young (10240K), 10 survivors (10240K)
 Metaspace       used 130435K, capacity 133796K, committed 134052K, reserved 1165312K
  class space    used 16535K, capacity 17832K, committed 17868K, reserved 1048576K
}
Event: 7195.107 GC heap before
{Heap before GC invocations=51 (full 0):
 garbage-first heap   total 387072K, used 309131K [0x0000000080000000, 0x0000000100000000)
  region size 1024K, 128 young (131072K), 10 survivors (10240K)
 Metaspace       used 130501K, capacity 133877K, committed 134052K, reserved 1165312K
  class space    used 16537K, capacity 17837K, committed 17868K, reserved 1048576K
}
Event: 7195.126 GC heap after
{Heap after GC invocations=52 (full 0):
 garbage-first heap   total 473088K, used 189696K [0x0000000080000000, 0x0000000100000000)
  region size 1024K, 8 young (8192K), 8 survivors (8192K)
 Metaspace       used 130501K, capacity 133877K, committed 134052K, reserved 1165312K
  class space    used 16537K, capacity 17837K, committed 17868K, reserved 1048576K
}
Event: 7195.443 GC heap before
{Heap before GC invocations=52 (full 0):
 garbage-first heap   total 473088K, used 369920K [0x0000000080000000, 0x0000000100000000)
  region size 1024K, 184 young (188416K), 8 survivors (8192K)
 Metaspace       used 130634K, capacity 134016K, committed 134308K, reserved 1165312K
  class space    used 16541K, capacity 17838K, committed 17868K, reserved 1048576K
}
Event: 7195.454 GC heap after
{Heap after GC invocations=53 (full 0):
 garbage-first heap   total 473088K, used 191112K [0x0000000080000000, 0x0000000100000000)
  region size 1024K, 9 young (9216K), 9 survivors (9216K)
 Metaspace       used 130634K, capacity 134016K, committed 134308K, reserved 1165312K
  class space    used 16541K, capacity 17838K, committed 17868K, reserved 1048576K
}
Event: 7195.757 GC heap before
{Heap before GC invocations=53 (full 0):
 garbage-first heap   total 473088K, used 390792K [0x0000000080000000, 0x0000000100000000)
  region size 1024K, 204 young (208896K), 9 survivors (9216K)
 Metaspace       used 130698K, capacity 134088K, committed 134308K, reserved 1165312K
  class space    used 16542K, capacity 17839K, committed 17868K, reserved 1048576K
}
Event: 7195.769 GC heap after
{Heap after GC invocations=54 (full 0):
 garbage-first heap   total 473088K, used 195813K [0x0000000080000000, 0x0000000100000000)
  region size 1024K, 14 young (14336K), 14 survivors (14336K)
 Metaspace       used 130698K, capacity 134088K, committed 134308K, reserved 1165312K
  class space    used 16542K, capacity 17839K, committed 17868K, reserved 1048576K
}
Event: 7196.049 GC heap before
{Heap before GC invocations=54 (full 0):
 garbage-first heap   total 473088K, used 395493K [0x0000000080000000, 0x0000000100000000)
  region size 1024K, 209 young (214016K), 14 survivors (14336K)
 Metaspace       used 130918K, capacity 134290K, committed 134564K, reserved 1165312K
  class space    used 16545K, capacity 17839K, committed 17868K, reserved 1048576K
}
Event: 7196.064 GC heap after
{Heap after GC invocations=55 (full 0):
 garbage-first heap   total 473088K, used 197953K [0x0000000080000000, 0x0000000100000000)
  region size 1024K, 16 young (16384K), 16 survivors (16384K)
 Metaspace       used 130918K, capacity 134290K, committed 134564K, reserved 1165312K
  class space    used 16545K, capacity 17839K, committed 17868K, reserved 1048576K
}
Event: 7196.393 GC heap before
{Heap before GC invocations=55 (full 0):
 garbage-first heap   total 473088K, used 397633K [0x0000000080000000, 0x0000000100000000)
  region size 1024K, 211 young (216064K), 16 survivors (16384K)
 Metaspace       used 131228K, capacity 134618K, committed 134820K, reserved 1167360K
  class space    used 16545K, capacity 17839K, committed 17868K, reserved 1048576K
}

